<?xml version="1.0" encoding="UTF-8"?>
<!-- Generated by org.testng.reporters.JUnitXMLReporter -->
<testsuite hostname="accdeviosca0316" ignored="0" name="Test" tests="4" failures="0" timestamp="2022-02-01T14:03:45 CST" time="0.081" errors="0">
  <testcase name="Android" time="0.009" classname="qaclickacademy.AppiumTest"/>
  <testcase name="Ios" time="0.0" classname="qaclickacademy.AppiumTest"/>
  <testcase name="BrowserAutomation" time="0.001" classname="qaclickacademy.SeleniumTest"/>
  <testcase name="elementsUi" time="0.0" classname="qaclickacademy.SeleniumTest"/>
</testsuite> <!-- Test -->
