<?xml version="1.0" encoding="UTF-8"?>
<testng-results skipped="0" failed="0" ignored="0" total="4" passed="4">
  <reporter-output>
  </reporter-output>
  <suite name="Suite" duration-ms="81" started-at="2022-02-01T14:03:45 CST" finished-at="2022-02-01T14:03:45 CST">
    <groups>
    </groups>
    <test name="Test" duration-ms="81" started-at="2022-02-01T14:03:45 CST" finished-at="2022-02-01T14:03:45 CST">
      <class name="qaclickacademy.AppiumTest">
        <test-method status="PASS" signature="Android()[pri:0, instance:qaclickacademy.AppiumTest@27808f31]" name="Android" duration-ms="9" started-at="2022-02-01T14:03:45 CST" finished-at="2022-02-01T14:03:45 CST">
          <reporter-output>
          </reporter-output>
        </test-method> <!-- Android -->
        <test-method status="PASS" signature="Ios()[pri:0, instance:qaclickacademy.AppiumTest@27808f31]" name="Ios" duration-ms="0" started-at="2022-02-01T14:03:45 CST" finished-at="2022-02-01T14:03:45 CST">
          <reporter-output>
          </reporter-output>
        </test-method> <!-- Ios -->
      </class> <!-- qaclickacademy.AppiumTest -->
      <class name="qaclickacademy.SeleniumTest">
        <test-method status="PASS" signature="BrowserAutomation()[pri:0, instance:qaclickacademy.SeleniumTest@38bc8ab5]" name="BrowserAutomation" duration-ms="1" started-at="2022-02-01T14:03:45 CST" finished-at="2022-02-01T14:03:45 CST">
          <reporter-output>
          </reporter-output>
        </test-method> <!-- BrowserAutomation -->
        <test-method status="PASS" signature="elementsUi()[pri:0, instance:qaclickacademy.SeleniumTest@38bc8ab5]" name="elementsUi" duration-ms="0" started-at="2022-02-01T14:03:45 CST" finished-at="2022-02-01T14:03:45 CST">
          <reporter-output>
          </reporter-output>
        </test-method> <!-- elementsUi -->
      </class> <!-- qaclickacademy.SeleniumTest -->
    </test> <!-- Test -->
  </suite> <!-- Suite -->
</testng-results>
